<?xml version="1.0" encoding="UTF-8"?>
<testng-results ignored="0" total="3" passed="3" failed="0" skipped="0">
  <reporter-output>
  </reporter-output>
  <suite started-at="2025-09-25T01:42:25 PDT" name="Surefire suite" finished-at="2025-09-25T01:42:39 PDT" duration-ms="13166">
    <groups>
    </groups>
    <test started-at="2025-09-25T01:42:25 PDT" name="Surefire test" finished-at="2025-09-25T01:42:39 PDT" duration-ms="13166">
      <class name="com.tesla.insurance.TeslaInsuranceTest">
        <test-method is-config="true" signature="setUp()[pri:0, instance:com.tesla.insurance.TeslaInsuranceTest@1b083826]" started-at="2025-09-25T01:42:25 PDT" name="setUp" finished-at="2025-09-25T01:42:27 PDT" duration-ms="1938" status="PASS">
          <reporter-output>
          </reporter-output>
        </test-method> <!-- setUp -->
        <test-method signature="testGetQuoteButtonIsClickable()[pri:0, instance:com.tesla.insurance.TeslaInsuranceTest@1b083826]" started-at="2025-09-25T01:42:27 PDT" name="testGetQuoteButtonIsClickable" finished-at="2025-09-25T01:42:29 PDT" duration-ms="1202" status="PASS">
          <reporter-output>
          </reporter-output>
        </test-method> <!-- testGetQuoteButtonIsClickable -->
        <test-method signature="testGetQuoteFormSubmission()[pri:0, instance:com.tesla.insurance.TeslaInsuranceTest@1b083826]" started-at="2025-09-25T01:42:29 PDT" name="testGetQuoteFormSubmission" finished-at="2025-09-25T01:42:38 PDT" duration-ms="9447" status="PASS">
          <reporter-output>
          </reporter-output>
        </test-method> <!-- testGetQuoteFormSubmission -->
        <test-method signature="testReplicaInsurancePageHeading()[pri:0, instance:com.tesla.insurance.TeslaInsuranceTest@1b083826]" started-at="2025-09-25T01:42:38 PDT" name="testReplicaInsurancePageHeading" finished-at="2025-09-25T01:42:38 PDT" duration-ms="457" status="PASS">
          <reporter-output>
          </reporter-output>
        </test-method> <!-- testReplicaInsurancePageHeading -->
        <test-method is-config="true" signature="tearDown()[pri:0, instance:com.tesla.insurance.TeslaInsuranceTest@1b083826]" started-at="2025-09-25T01:42:38 PDT" name="tearDown" finished-at="2025-09-25T01:42:39 PDT" duration-ms="106" status="PASS">
          <reporter-output>
          </reporter-output>
        </test-method> <!-- tearDown -->
      </class> <!-- com.tesla.insurance.TeslaInsuranceTest -->
    </test> <!-- Surefire test -->
  </suite> <!-- Surefire suite -->
</testng-results>
