<?xml version="1.0" encoding="UTF-8"?>
<testsuite xmlns:xsi="http://www.w3.org/2001/XMLSchema-instance" xsi:noNamespaceSchemaLocation="https://maven.apache.org/surefire/maven-surefire-plugin/xsd/surefire-test-report-3.0.xsd" version="3.0" name="com.tesla.insurance.TeslaInsuranceTest" time="13.316" tests="3" errors="0" skipped="0" failures="0">
  <properties>
[...]
</properties>
  <testcase name="testGetQuoteButtonIsClickable" classname="com.tesla.insurance.TeslaInsuranceTest" time="1.203">
    <system-out><![CDATA[✅ Get Quote button is clickable and popup form opened successfully
]]></system-out>
    <system-err><![CDATA[SLF4J: Failed to load class "org.slf4j.impl.StaticLoggerBinder".
SLF4J: Defaulting to no-operation (NOP) logger implementation
SLF4J: See http://www.slf4j.org/codes.html#StaticLoggerBinder for further details.
Sep 25, 2025 1:42:27 AM org.openqa.selenium.devtools.CdpVersionFinder findNearestMatch
WARNING: Unable to find CDP implementation matching 140
Sep 25, 2025 1:42:27 AM org.openqa.selenium.chromium.ChromiumDriver lambda$new$5
WARNING: Unable to find version of CDP to use for 140.0.7339.207. You may need to include a dependency on a specific version of the CDP using something similar to `org.seleniumhq.selenium:selenium-devtools-v86:4.24.0` where the version ("v86") matches the version of the chromium-based browser you're using and the version number of the artifact is the same as Selenium's.
]]></system-err>
  </testcase>
  <testcase name="testGetQuoteFormSubmission" classname="com.tesla.insurance.TeslaInsuranceTest" time="9.43">
    <system-out><![CDATA[Alert says: Quote request submitted! Tesla will contact you shortly.
]]></system-out>
  </testcase>
  <testcase name="testReplicaInsurancePageHeading" classname="com.tesla.insurance.TeslaInsuranceTest" time="0.457">
    <system-out><![CDATA[Found heading: Tesla Insurance
]]></system-out>
  </testcase>
</testsuite>