<?xml version="1.0" encoding="UTF-8"?>
<!-- Generated by org.testng.reporters.JUnitXMLReporter -->
<testsuite ignored="0" hostname="Ishas-MacBook-Air.local" failures="0" tests="3" name="Surefire test" time="13.166" errors="0" timestamp="2025-09-25T01:42:39 PDT">
  <testcase classname="com.tesla.insurance.TeslaInsuranceTest" name="testGetQuoteButtonIsClickable" time="1.202"/>
  <testcase classname="com.tesla.insurance.TeslaInsuranceTest" name="testGetQuoteFormSubmission" time="9.447"/>
  <testcase classname="com.tesla.insurance.TeslaInsuranceTest" name="testReplicaInsurancePageHeading" time="0.457"/>
</testsuite> <!-- Surefire test -->
